0 info it worked if it ends with ok
1 verbose cli [ 'C:\\Program Files\\nodejs\\node.exe',
1 verbose cli   'C:\\Program Files\\nodejs\\node_modules\\npm\\bin\\npm-cli.js',
1 verbose cli   'run',
1 verbose cli   'start' ]
2 info using npm@3.10.8
3 info using node@v7.0.0
4 verbose run-script [ 'prestart', 'start', 'poststart' ]
5 info lifecycle puzzle@1.0.0~prestart: puzzle@1.0.0
6 silly lifecycle puzzle@1.0.0~prestart: no script for prestart, continuing
7 info lifecycle puzzle@1.0.0~start: puzzle@1.0.0
8 verbose lifecycle puzzle@1.0.0~start: unsafe-perm in lifecycle true
9 verbose lifecycle puzzle@1.0.0~start: PATH: C:\Program Files\nodejs\node_modules\npm\bin\node-gyp-bin;C:\Users\Axelofan\Documents\GitHub\Puzzle_realtime\node_modules\.bin;C:\ProgramData\Oracle\Java\javapath;C:\WINDOWS\system32;C:\WINDOWS;C:\WINDOWS\System32\Wbem;C:\WINDOWS\System32\WindowsPowerShell\v1.0\;C:\Program Files (x86)\ATI Technologies\ATI.ACE\Core-Static;C:\Program Files (x86)\Windows Live\Shared;C:\Program Files (x86)\AMD\ATI.ACE\Core-Static;C:\Program Files (x86)\Heroku\bin;C:\Program Files (x86)\git\cmd;C:\Program Files (x86)\Skype\Phone\;C:\Program Files\Git\cmd;C:\Program Files\nodejs\;C:\Program Files\nodejs;C:\Program Files (x86)\Microsoft VS Code\bin;C:\Users\Axelofan\AppData\Local\Microsoft\WindowsApps;C:\Program Files\Java\jdk1.8.0_66\bin;C:\Users\Axelofan\AppData\Roaming\npm\
10 verbose lifecycle puzzle@1.0.0~start: CWD: C:\Users\Axelofan\Documents\GitHub\Puzzle_realtime
11 silly lifecycle puzzle@1.0.0~start: Args: [ '/d /s /c', 'node server.js' ]
12 silly lifecycle puzzle@1.0.0~start: Returned: code: 1  signal: null
13 info lifecycle puzzle@1.0.0~start: Failed to exec start script
14 verbose stack Error: puzzle@1.0.0 start: `node server.js`
14 verbose stack Exit status 1
14 verbose stack     at EventEmitter.<anonymous> (C:\Program Files\nodejs\node_modules\npm\lib\utils\lifecycle.js:255:16)
14 verbose stack     at emitTwo (events.js:106:13)
14 verbose stack     at EventEmitter.emit (events.js:191:7)
14 verbose stack     at ChildProcess.<anonymous> (C:\Program Files\nodejs\node_modules\npm\lib\utils\spawn.js:40:14)
14 verbose stack     at emitTwo (events.js:106:13)
14 verbose stack     at ChildProcess.emit (events.js:191:7)
14 verbose stack     at maybeClose (internal/child_process.js:877:16)
14 verbose stack     at Process.ChildProcess._handle.onexit (internal/child_process.js:226:5)
15 verbose pkgid puzzle@1.0.0
16 verbose cwd C:\Users\Axelofan\Documents\GitHub\Puzzle_realtime
17 error Windows_NT 10.0.14393
18 error argv "C:\\Program Files\\nodejs\\node.exe" "C:\\Program Files\\nodejs\\node_modules\\npm\\bin\\npm-cli.js" "run" "start"
19 error node v7.0.0
20 error npm  v3.10.8
21 error code ELIFECYCLE
22 error puzzle@1.0.0 start: `node server.js`
22 error Exit status 1
23 error Failed at the puzzle@1.0.0 start script 'node server.js'.
23 error Make sure you have the latest version of node.js and npm installed.
23 error If you do, this is most likely a problem with the puzzle package,
23 error not with npm itself.
23 error Tell the author that this fails on your system:
23 error     node server.js
23 error You can get information on how to open an issue for this project with:
23 error     npm bugs puzzle
23 error Or if that isn't available, you can get their info via:
23 error     npm owner ls puzzle
23 error There is likely additional logging output above.
24 verbose exit [ 1, true ]
